This file contains any messages produced by compilers while
running configure, to aid debugging if configure makes a mistake.

It was created by [UNIMELB] configure [0.1], which was
generated by GNU Autoconf 2.68.  Invocation command line was

  $ ./configure --with-llvmsrc=/home/jorge/SvnReps/Systems/llvm

## --------- ##
## Platform. ##
## --------- ##

hostname = ceuta
uname -m = i686
uname -r = 3.2.0-30-generic-pae
uname -s = Linux
uname -v = #47-Ubuntu SMP Wed Aug 15 18:52:06 UTC 2012

/usr/bin/uname -p = unknown
/bin/uname -X     = unknown

/bin/arch              = unknown
/usr/bin/arch -k       = unknown
/usr/convex/getsysinfo = unknown
/usr/bin/hostinfo      = unknown
/bin/machine           = unknown
/usr/bin/oslevel       = unknown
/bin/universe          = unknown

PATH: /home/jorge/Systems/WCET/CHRONOS/simplescalar/simpleutils-990811/gas
PATH: /home/jorge/src/jdk1.6.0_13/bin
PATH: /home/jorge/Systems/codesurfer-2.1p1/csurf/bin
PATH: /usr/local/bin
PATH: /bin
PATH: /usr/bin
PATH: /etc
PATH: /usr/etc
PATH: /usr/include
PATH: /home/jorge/SvnReps/Systems/TRACER/trunk
PATH: /home/jorge/SvnReps/Systems/TRACER/trunk/bin
PATH: /home/jorge/bin
PATH: /home/jorge/Systems/blast-2.5
PATH: /home/jorge/Systems/WCET/CHRONOS/sslittle-na-sstrix/bin
PATH: /home/jorge/Systems/WCET/Bound-T/arm7-4/bin
PATH: /home/jorge/src/yap-6.0.3/arch/
PATH: /home/jorge/src/pvs4.2
PATH: /home/jorge/share/mizar
PATH: /home/jorge/Systems/z3/bin
PATH: /home/jorge/Systems/z3/iz3/bin
PATH: /home/jorge/src/ESCJava-2.0.5
PATH: /home/jorge/Systems/banshee-1.02/cparser
PATH: /home/jorge/SvnReps/Systems/llvm-gcc/install/bin
PATH: /home/jorge/SvnReps/Systems/llvm-gcc
PATH: /home/jorge/SvnReps/Systems/apron/apron
PATH: /home/jorge/SvnReps/Systems/apron
PATH: /home/jorge/SvnReps/Systems/apron/apronxx
PATH: SvnReps/Systems/mlgmpidl/trunk
PATH: /usr/lib/i386-linux-gnu
PATH: /home/jorge/SvnReps/Systems/klee/include
PATH: /home/jorge/SvnReps/Systems/CREST/bin
PATH: /home/jorge/SvnReps/Systems/CREST/include
PATH: /home/jorge/Systems/mathsat-5.1.12-linux-x86/bin
PATH: .


## ----------- ##
## Core tests. ##
## ----------- ##

configure:1898: creating ./config.status

## ---------------------- ##
## Running config.status. ##
## ---------------------- ##

This file was extended by [UNIMELB] config.status [0.1], which was
generated by GNU Autoconf 2.68.  Invocation command line was

  CONFIG_FILES    = 
  CONFIG_HEADERS  = 
  CONFIG_LINKS    = 
  CONFIG_COMMANDS = 
  $ ./config.status 

on ceuta

config.status:741: creating Makefile.common
config.status:902: executing setup commands
config.status:902: executing Makefile commands
config.status:902: executing lib/Makefile commands
config.status:902: executing lib/RangeAnalysis/Makefile commands
config.status:902: executing lib/Transformations/Makefile commands

## ---------------- ##
## Cache variables. ##
## ---------------- ##

ac_cv_env_build_alias_set=
ac_cv_env_build_alias_value=
ac_cv_env_host_alias_set=
ac_cv_env_host_alias_value=
ac_cv_env_target_alias_set=
ac_cv_env_target_alias_value=

## ----------------- ##
## Output variables. ##
## ----------------- ##

DEFS='-DPACKAGE_NAME=\"\[UNIMELB\]\" -DPACKAGE_TARNAME=\"--unimelb--\" -DPACKAGE_VERSION=\"\[0.1\]\" -DPACKAGE_STRING=\"\[UNIMELB\]\ \[0.1\]\" -DPACKAGE_BUGREPORT=\"jorge.navas@unimelb.edu.au\" -DPACKAGE_URL=\"\"'
ECHO_C=''
ECHO_N='-n'
ECHO_T=''
LIBOBJS=''
LIBS=''
LLVM_OBJ='/home/jorge/SvnReps/Systems/llvm'
LLVM_SRC='/home/jorge/SvnReps/Systems/llvm'
LTLIBOBJS=''
PACKAGE_BUGREPORT='jorge.navas@unimelb.edu.au'
PACKAGE_NAME='[UNIMELB]'
PACKAGE_STRING='[UNIMELB] [0.1]'
PACKAGE_TARNAME='--unimelb--'
PACKAGE_URL=''
PACKAGE_VERSION='[0.1]'
PATH_SEPARATOR=':'
SHELL='/bin/bash'
bindir='${exec_prefix}/bin'
build_alias=''
datadir='${datarootdir}'
datarootdir='${prefix}/share'
docdir='${datarootdir}/doc/${PACKAGE_TARNAME}'
dvidir='${docdir}'
exec_prefix='${prefix}'
host_alias=''
htmldir='${docdir}'
includedir='${prefix}/include'
infodir='${datarootdir}/info'
libdir='${exec_prefix}/lib'
libexecdir='${exec_prefix}/libexec'
localedir='${datarootdir}/locale'
localstatedir='${prefix}/var'
mandir='${datarootdir}/man'
oldincludedir='/usr/include'
pdfdir='${docdir}'
prefix='/usr/local'
program_transform_name='s,x,x,'
psdir='${docdir}'
sbindir='${exec_prefix}/sbin'
sharedstatedir='${prefix}/com'
sysconfdir='${prefix}/etc'
target_alias=''

## ----------- ##
## confdefs.h. ##
## ----------- ##

/* confdefs.h */
#define PACKAGE_NAME "[UNIMELB]"
#define PACKAGE_TARNAME "--unimelb--"
#define PACKAGE_VERSION "[0.1]"
#define PACKAGE_STRING "[UNIMELB] [0.1]"
#define PACKAGE_BUGREPORT "jorge.navas@unimelb.edu.au"
#define PACKAGE_URL ""

configure: exit 0
